The system is: Linux - 4.15.0-1032-raspi2 - armv7l
Compiling the C compiler identification source file "CMakeCCompilerId.c" succeeded.
Compiler: /usr/bin/cc 
Build flags: 
Id flags:  

The output was:
0


Compilation of the C compiler identification source "CMakeCCompilerId.c" produced "a.out"

The C compiler identification is GNU, found in "/home/yahei/mjpg-streamer/mjpg-streamer-experimental/_build/CMakeFiles/3.10.2/CompilerIdC/a.out"

Determining if the C compiler works passed with the following output:
Change Dir: /home/yahei/mjpg-streamer/mjpg-streamer-experimental/_build/CMakeFiles/CMakeTmp

Run Build Command:"/usr/bin/make" "cmTC_5e768/fast"
make[1]: Entering directory '/home/yahei/mjpg-streamer/mjpg-streamer-experimental/_build/CMakeFiles/CMakeTmp'
/usr/bin/make -f CMakeFiles/cmTC_5e768.dir/build.make CMakeFiles/cmTC_5e768.dir/build
make[2]: Entering directory '/home/yahei/mjpg-streamer/mjpg-streamer-experimental/_build/CMakeFiles/CMakeTmp'
Building C object CMakeFiles/cmTC_5e768.dir/testCCompiler.c.o
/usr/bin/cc    -o CMakeFiles/cmTC_5e768.dir/testCCompiler.c.o   -c /home/yahei/mjpg-streamer/mjpg-streamer-experimental/_build/CMakeFiles/CMakeTmp/testCCompiler.c
Linking C executable cmTC_5e768
/usr/bin/cmake -E cmake_link_script CMakeFiles/cmTC_5e768.dir/link.txt --verbose=1
/usr/bin/cc      -rdynamic CMakeFiles/cmTC_5e768.dir/testCCompiler.c.o  -o cmTC_5e768 
make[2]: Leaving directory '/home/yahei/mjpg-streamer/mjpg-streamer-experimental/_build/CMakeFiles/CMakeTmp'
make[1]: Leaving directory '/home/yahei/mjpg-streamer/mjpg-streamer-experimental/_build/CMakeFiles/CMakeTmp'


Detecting C compiler ABI info compiled with the following output:
Change Dir: /home/yahei/mjpg-streamer/mjpg-streamer-experimental/_build/CMakeFiles/CMakeTmp

Run Build Command:"/usr/bin/make" "cmTC_1a520/fast"
make[1]: Entering directory '/home/yahei/mjpg-streamer/mjpg-streamer-experimental/_build/CMakeFiles/CMakeTmp'
/usr/bin/make -f CMakeFiles/cmTC_1a520.dir/build.make CMakeFiles/cmTC_1a520.dir/build
make[2]: Entering directory '/home/yahei/mjpg-streamer/mjpg-streamer-experimental/_build/CMakeFiles/CMakeTmp'
Building C object CMakeFiles/cmTC_1a520.dir/CMakeCCompilerABI.c.o
/usr/bin/cc    -o CMakeFiles/cmTC_1a520.dir/CMakeCCompilerABI.c.o   -c /usr/share/cmake-3.10/Modules/CMakeCCompilerABI.c
Linking C executable cmTC_1a520
/usr/bin/cmake -E cmake_link_script CMakeFiles/cmTC_1a520.dir/link.txt --verbose=1
/usr/bin/cc     -v -rdynamic CMakeFiles/cmTC_1a520.dir/CMakeCCompilerABI.c.o  -o cmTC_1a520 
Using built-in specs.
COLLECT_GCC=/usr/bin/cc
COLLECT_LTO_WRAPPER=/usr/lib/gcc/arm-linux-gnueabihf/7/lto-wrapper
Target: arm-linux-gnueabihf
Configured with: ../src/configure -v --with-pkgversion='Ubuntu/Linaro 7.5.0-3ubuntu1~18.04' --with-bugurl=file:///usr/share/doc/gcc-7/README.Bugs --enable-languages=c,ada,c++,go,d,fortran,objc,obj-c++ --prefix=/usr --with-gcc-major-version-only --program-suffix=-7 --program-prefix=arm-linux-gnueabihf- --enable-shared --enable-linker-build-id --libexecdir=/usr/lib --without-included-gettext --enable-threads=posix --libdir=/usr/lib --enable-nls --enable-bootstrap --enable-clocale=gnu --enable-libstdcxx-debug --enable-libstdcxx-time=yes --with-default-libstdcxx-abi=new --enable-gnu-unique-object --disable-libitm --disable-libquadmath --disable-libquadmath-support --enable-plugin --enable-default-pie --with-system-zlib --with-target-system-zlib --enable-objc-gc=auto --enable-multiarch --enable-multilib --disable-sjlj-exceptions --with-arch=armv7-a --with-fpu=vfpv3-d16 --with-float=hard --with-mode=thumb --disable-werror --enable-multilib --enable-checking=release --build=arm-linux-gnueabihf --host=arm-linux-gnueabihf --target=arm-linux-gnueabihf
Thread model: posix
gcc version 7.5.0 (Ubuntu/Linaro 7.5.0-3ubuntu1~18.04) 
COMPILER_PATH=/usr/lib/gcc/arm-linux-gnueabihf/7/:/usr/lib/gcc/arm-linux-gnueabihf/7/:/usr/lib/gcc/arm-linux-gnueabihf/:/usr/lib/gcc/arm-linux-gnueabihf/7/:/usr/lib/gcc/arm-linux-gnueabihf/
LIBRARY_PATH=/usr/lib/gcc/arm-linux-gnueabihf/7/:/usr/lib/gcc/arm-linux-gnueabihf/7/../../../arm-linux-gnueabihf/:/usr/lib/gcc/arm-linux-gnueabihf/7/../../../../lib/:/lib/arm-linux-gnueabihf/:/lib/../lib/:/usr/lib/arm-linux-gnueabihf/:/usr/lib/../lib/:/usr/lib/gcc/arm-linux-gnueabihf/7/../../../:/lib/:/usr/lib/
COLLECT_GCC_OPTIONS='-v' '-rdynamic' '-o' 'cmTC_1a520' '-march=armv7-a' '-mfloat-abi=hard' '-mfpu=vfpv3-d16' '-mthumb' '-mtls-dialect=gnu'
 /usr/lib/gcc/arm-linux-gnueabihf/7/collect2 -plugin /usr/lib/gcc/arm-linux-gnueabihf/7/liblto_plugin.so -plugin-opt=/usr/lib/gcc/arm-linux-gnueabihf/7/lto-wrapper -plugin-opt=-fresolution=/tmp/ccomVjq2.res -plugin-opt=-pass-through=-lgcc -plugin-opt=-pass-through=-lgcc_s -plugin-opt=-pass-through=-lc -plugin-opt=-pass-through=-lgcc -plugin-opt=-pass-through=-lgcc_s --build-id --eh-frame-hdr -export-dynamic -dynamic-linker /lib/ld-linux-armhf.so.3 -X --hash-style=gnu --as-needed -m armelf_linux_eabi -pie -z now -z relro -o cmTC_1a520 /usr/lib/gcc/arm-linux-gnueabihf/7/../../../arm-linux-gnueabihf/Scrt1.o /usr/lib/gcc/arm-linux-gnueabihf/7/../../../arm-linux-gnueabihf/crti.o /usr/lib/gcc/arm-linux-gnueabihf/7/crtbeginS.o -L/usr/lib/gcc/arm-linux-gnueabihf/7 -L/usr/lib/gcc/arm-linux-gnueabihf/7/../../../arm-linux-gnueabihf -L/usr/lib/gcc/arm-linux-gnueabihf/7/../../../../lib -L/lib/arm-linux-gnueabihf -L/lib/../lib -L/usr/lib/arm-linux-gnueabihf -L/usr/lib/../lib -L/usr/lib/gcc/arm-linux-gnueabihf/7/../../.. CMakeFiles/cmTC_1a520.dir/CMakeCCompilerABI.c.o -lgcc --push-state --as-needed -lgcc_s --pop-state -lc -lgcc --push-state --as-needed -lgcc_s --pop-state /usr/lib/gcc/arm-linux-gnueabihf/7/crtendS.o /usr/lib/gcc/arm-linux-gnueabihf/7/../../../arm-linux-gnueabihf/crtn.o
COLLECT_GCC_OPTIONS='-v' '-rdynamic' '-o' 'cmTC_1a520' '-march=armv7-a' '-mfloat-abi=hard' '-mfpu=vfpv3-d16' '-mthumb' '-mtls-dialect=gnu'
make[2]: Leaving directory '/home/yahei/mjpg-streamer/mjpg-streamer-experimental/_build/CMakeFiles/CMakeTmp'
make[1]: Leaving directory '/home/yahei/mjpg-streamer/mjpg-streamer-experimental/_build/CMakeFiles/CMakeTmp'


Parsed C implicit link information from above output:
  link line regex: [^( *|.*[/\])(ld|CMAKE_LINK_STARTFILE-NOTFOUND|([^/\]+-)?ld|collect2)[^/\]*( |$)]
  ignore line: [Change Dir: /home/yahei/mjpg-streamer/mjpg-streamer-experimental/_build/CMakeFiles/CMakeTmp]
  ignore line: []
  ignore line: [Run Build Command:"/usr/bin/make" "cmTC_1a520/fast"]
  ignore line: [make[1]: Entering directory '/home/yahei/mjpg-streamer/mjpg-streamer-experimental/_build/CMakeFiles/CMakeTmp']
  ignore line: [/usr/bin/make -f CMakeFiles/cmTC_1a520.dir/build.make CMakeFiles/cmTC_1a520.dir/build]
  ignore line: [make[2]: Entering directory '/home/yahei/mjpg-streamer/mjpg-streamer-experimental/_build/CMakeFiles/CMakeTmp']
  ignore line: [Building C object CMakeFiles/cmTC_1a520.dir/CMakeCCompilerABI.c.o]
  ignore line: [/usr/bin/cc    -o CMakeFiles/cmTC_1a520.dir/CMakeCCompilerABI.c.o   -c /usr/share/cmake-3.10/Modules/CMakeCCompilerABI.c]
  ignore line: [Linking C executable cmTC_1a520]
  ignore line: [/usr/bin/cmake -E cmake_link_script CMakeFiles/cmTC_1a520.dir/link.txt --verbose=1]
  ignore line: [/usr/bin/cc     -v -rdynamic CMakeFiles/cmTC_1a520.dir/CMakeCCompilerABI.c.o  -o cmTC_1a520 ]
  ignore line: [Using built-in specs.]
  ignore line: [COLLECT_GCC=/usr/bin/cc]
  ignore line: [COLLECT_LTO_WRAPPER=/usr/lib/gcc/arm-linux-gnueabihf/7/lto-wrapper]
  ignore line: [Target: arm-linux-gnueabihf]
  ignore line: [Configured with: ../src/configure -v --with-pkgversion='Ubuntu/Linaro 7.5.0-3ubuntu1~18.04' --with-bugurl=file:///usr/share/doc/gcc-7/README.Bugs --enable-languages=c,ada,c++,go,d,fortran,objc,obj-c++ --prefix=/usr --with-gcc-major-version-only --program-suffix=-7 --program-prefix=arm-linux-gnueabihf- --enable-shared --enable-linker-build-id --libexecdir=/usr/lib --without-included-gettext --enable-threads=posix --libdir=/usr/lib --enable-nls --enable-bootstrap --enable-clocale=gnu --enable-libstdcxx-debug --enable-libstdcxx-time=yes --with-default-libstdcxx-abi=new --enable-gnu-unique-object --disable-libitm --disable-libquadmath --disable-libquadmath-support --enable-plugin --enable-default-pie --with-system-zlib --with-target-system-zlib --enable-objc-gc=auto --enable-multiarch --enable-multilib --disable-sjlj-exceptions --with-arch=armv7-a --with-fpu=vfpv3-d16 --with-float=hard --with-mode=thumb --disable-werror --enable-multilib --enable-checking=release --build=arm-linux-gnueabihf --host=arm-linux-gnueabihf --target=arm-linux-gnueabihf]
  ignore line: [Thread model: posix]
  ignore line: [gcc version 7.5.0 (Ubuntu/Linaro 7.5.0-3ubuntu1~18.04) ]
  ignore line: [COMPILER_PATH=/usr/lib/gcc/arm-linux-gnueabihf/7/:/usr/lib/gcc/arm-linux-gnueabihf/7/:/usr/lib/gcc/arm-linux-gnueabihf/:/usr/lib/gcc/arm-linux-gnueabihf/7/:/usr/lib/gcc/arm-linux-gnueabihf/]
  ignore line: [LIBRARY_PATH=/usr/lib/gcc/arm-linux-gnueabihf/7/:/usr/lib/gcc/arm-linux-gnueabihf/7/../../../arm-linux-gnueabihf/:/usr/lib/gcc/arm-linux-gnueabihf/7/../../../../lib/:/lib/arm-linux-gnueabihf/:/lib/../lib/:/usr/lib/arm-linux-gnueabihf/:/usr/lib/../lib/:/usr/lib/gcc/arm-linux-gnueabihf/7/../../../:/lib/:/usr/lib/]
  ignore line: [COLLECT_GCC_OPTIONS='-v' '-rdynamic' '-o' 'cmTC_1a520' '-march=armv7-a' '-mfloat-abi=hard' '-mfpu=vfpv3-d16' '-mthumb' '-mtls-dialect=gnu']
  link line: [ /usr/lib/gcc/arm-linux-gnueabihf/7/collect2 -plugin /usr/lib/gcc/arm-linux-gnueabihf/7/liblto_plugin.so -plugin-opt=/usr/lib/gcc/arm-linux-gnueabihf/7/lto-wrapper -plugin-opt=-fresolution=/tmp/ccomVjq2.res -plugin-opt=-pass-through=-lgcc -plugin-opt=-pass-through=-lgcc_s -plugin-opt=-pass-through=-lc -plugin-opt=-pass-through=-lgcc -plugin-opt=-pass-through=-lgcc_s --build-id --eh-frame-hdr -export-dynamic -dynamic-linker /lib/ld-linux-armhf.so.3 -X --hash-style=gnu --as-needed -m armelf_linux_eabi -pie -z now -z relro -o cmTC_1a520 /usr/lib/gcc/arm-linux-gnueabihf/7/../../../arm-linux-gnueabihf/Scrt1.o /usr/lib/gcc/arm-linux-gnueabihf/7/../../../arm-linux-gnueabihf/crti.o /usr/lib/gcc/arm-linux-gnueabihf/7/crtbeginS.o -L/usr/lib/gcc/arm-linux-gnueabihf/7 -L/usr/lib/gcc/arm-linux-gnueabihf/7/../../../arm-linux-gnueabihf -L/usr/lib/gcc/arm-linux-gnueabihf/7/../../../../lib -L/lib/arm-linux-gnueabihf -L/lib/../lib -L/usr/lib/arm-linux-gnueabihf -L/usr/lib/../lib -L/usr/lib/gcc/arm-linux-gnueabihf/7/../../.. CMakeFiles/cmTC_1a520.dir/CMakeCCompilerABI.c.o -lgcc --push-state --as-needed -lgcc_s --pop-state -lc -lgcc --push-state --as-needed -lgcc_s --pop-state /usr/lib/gcc/arm-linux-gnueabihf/7/crtendS.o /usr/lib/gcc/arm-linux-gnueabihf/7/../../../arm-linux-gnueabihf/crtn.o]
    arg [/usr/lib/gcc/arm-linux-gnueabihf/7/collect2] ==> ignore
    arg [-plugin] ==> ignore
    arg [/usr/lib/gcc/arm-linux-gnueabihf/7/liblto_plugin.so] ==> ignore
    arg [-plugin-opt=/usr/lib/gcc/arm-linux-gnueabihf/7/lto-wrapper] ==> ignore
    arg [-plugin-opt=-fresolution=/tmp/ccomVjq2.res] ==> ignore
    arg [-plugin-opt=-pass-through=-lgcc] ==> ignore
    arg [-plugin-opt=-pass-through=-lgcc_s] ==> ignore
    arg [-plugin-opt=-pass-through=-lc] ==> ignore
    arg [-plugin-opt=-pass-through=-lgcc] ==> ignore
    arg [-plugin-opt=-pass-through=-lgcc_s] ==> ignore
    arg [--build-id] ==> ignore
    arg [--eh-frame-hdr] ==> ignore
    arg [-export-dynamic] ==> ignore
    arg [-dynamic-linker] ==> ignore
    arg [/lib/ld-linux-armhf.so.3] ==> ignore
    arg [-X] ==> ignore
    arg [--hash-style=gnu] ==> ignore
    arg [--as-needed] ==> ignore
    arg [-m] ==> ignore
    arg [armelf_linux_eabi] ==> ignore
    arg [-pie] ==> ignore
    arg [-znow] ==> ignore
    arg [-zrelro] ==> ignore
    arg [-o] ==> ignore
    arg [cmTC_1a520] ==> ignore
    arg [/usr/lib/gcc/arm-linux-gnueabihf/7/../../../arm-linux-gnueabihf/Scrt1.o] ==> ignore
    arg [/usr/lib/gcc/arm-linux-gnueabihf/7/../../../arm-linux-gnueabihf/crti.o] ==> ignore
    arg [/usr/lib/gcc/arm-linux-gnueabihf/7/crtbeginS.o] ==> ignore
    arg [-L/usr/lib/gcc/arm-linux-gnueabihf/7] ==> dir [/usr/lib/gcc/arm-linux-gnueabihf/7]
    arg [-L/usr/lib/gcc/arm-linux-gnueabihf/7/../../../arm-linux-gnueabihf] ==> dir [/usr/lib/gcc/arm-linux-gnueabihf/7/../../../arm-linux-gnueabihf]
    arg [-L/usr/lib/gcc/arm-linux-gnueabihf/7/../../../../lib] ==> dir [/usr/lib/gcc/arm-linux-gnueabihf/7/../../../../lib]
    arg [-L/lib/arm-linux-gnueabihf] ==> dir [/lib/arm-linux-gnueabihf]
    arg [-L/lib/../lib] ==> dir [/lib/../lib]
    arg [-L/usr/lib/arm-linux-gnueabihf] ==> dir [/usr/lib/arm-linux-gnueabihf]
    arg [-L/usr/lib/../lib] ==> dir [/usr/lib/../lib]
    arg [-L/usr/lib/gcc/arm-linux-gnueabihf/7/../../..] ==> dir [/usr/lib/gcc/arm-linux-gnueabihf/7/../../..]
    arg [CMakeFiles/cmTC_1a520.dir/CMakeCCompilerABI.c.o] ==> ignore
    arg [-lgcc] ==> lib [gcc]
    arg [--push-state] ==> ignore
    arg [--as-needed] ==> ignore
    arg [-lgcc_s] ==> lib [gcc_s]
    arg [--pop-state] ==> ignore
    arg [-lc] ==> lib [c]
    arg [-lgcc] ==> lib [gcc]
    arg [--push-state] ==> ignore
    arg [--as-needed] ==> ignore
    arg [-lgcc_s] ==> lib [gcc_s]
    arg [--pop-state] ==> ignore
    arg [/usr/lib/gcc/arm-linux-gnueabihf/7/crtendS.o] ==> ignore
    arg [/usr/lib/gcc/arm-linux-gnueabihf/7/../../../arm-linux-gnueabihf/crtn.o] ==> ignore
  collapse library dir [/usr/lib/gcc/arm-linux-gnueabihf/7] ==> [/usr/lib/gcc/arm-linux-gnueabihf/7]
  collapse library dir [/usr/lib/gcc/arm-linux-gnueabihf/7/../../../arm-linux-gnueabihf] ==> [/usr/lib/arm-linux-gnueabihf]
  collapse library dir [/usr/lib/gcc/arm-linux-gnueabihf/7/../../../../lib] ==> [/usr/lib]
  collapse library dir [/lib/arm-linux-gnueabihf] ==> [/lib/arm-linux-gnueabihf]
  collapse library dir [/lib/../lib] ==> [/lib]
  collapse library dir [/usr/lib/arm-linux-gnueabihf] ==> [/usr/lib/arm-linux-gnueabihf]
  collapse library dir [/usr/lib/../lib] ==> [/usr/lib]
  collapse library dir [/usr/lib/gcc/arm-linux-gnueabihf/7/../../..] ==> [/usr/lib]
  implicit libs: [gcc;gcc_s;c;gcc;gcc_s]
  implicit dirs: [/usr/lib/gcc/arm-linux-gnueabihf/7;/usr/lib/arm-linux-gnueabihf;/usr/lib;/lib/arm-linux-gnueabihf;/lib]
  implicit fwks: []




Detecting C [-std=c11] compiler features compiled with the following output:
Change Dir: /home/yahei/mjpg-streamer/mjpg-streamer-experimental/_build/CMakeFiles/CMakeTmp

Run Build Command:"/usr/bin/make" "cmTC_edea4/fast"
make[1]: Entering directory '/home/yahei/mjpg-streamer/mjpg-streamer-experimental/_build/CMakeFiles/CMakeTmp'
/usr/bin/make -f CMakeFiles/cmTC_edea4.dir/build.make CMakeFiles/cmTC_edea4.dir/build
make[2]: Entering directory '/home/yahei/mjpg-streamer/mjpg-streamer-experimental/_build/CMakeFiles/CMakeTmp'
Building C object CMakeFiles/cmTC_edea4.dir/feature_tests.c.o
/usr/bin/cc   -std=c11 -o CMakeFiles/cmTC_edea4.dir/feature_tests.c.o   -c /home/yahei/mjpg-streamer/mjpg-streamer-experimental/_build/CMakeFiles/feature_tests.c
Linking C executable cmTC_edea4
/usr/bin/cmake -E cmake_link_script CMakeFiles/cmTC_edea4.dir/link.txt --verbose=1
/usr/bin/cc      -rdynamic CMakeFiles/cmTC_edea4.dir/feature_tests.c.o  -o cmTC_edea4 
make[2]: Leaving directory '/home/yahei/mjpg-streamer/mjpg-streamer-experimental/_build/CMakeFiles/CMakeTmp'
make[1]: Leaving directory '/home/yahei/mjpg-streamer/mjpg-streamer-experimental/_build/CMakeFiles/CMakeTmp'


    Feature record: C_FEATURE:1c_function_prototypes
    Feature record: C_FEATURE:1c_restrict
    Feature record: C_FEATURE:1c_static_assert
    Feature record: C_FEATURE:1c_variadic_macros


Detecting C [-std=c99] compiler features compiled with the following output:
Change Dir: /home/yahei/mjpg-streamer/mjpg-streamer-experimental/_build/CMakeFiles/CMakeTmp

Run Build Command:"/usr/bin/make" "cmTC_6c427/fast"
make[1]: Entering directory '/home/yahei/mjpg-streamer/mjpg-streamer-experimental/_build/CMakeFiles/CMakeTmp'
/usr/bin/make -f CMakeFiles/cmTC_6c427.dir/build.make CMakeFiles/cmTC_6c427.dir/build
make[2]: Entering directory '/home/yahei/mjpg-streamer/mjpg-streamer-experimental/_build/CMakeFiles/CMakeTmp'
Building C object CMakeFiles/cmTC_6c427.dir/feature_tests.c.o
/usr/bin/cc   -std=c99 -o CMakeFiles/cmTC_6c427.dir/feature_tests.c.o   -c /home/yahei/mjpg-streamer/mjpg-streamer-experimental/_build/CMakeFiles/feature_tests.c
Linking C executable cmTC_6c427
/usr/bin/cmake -E cmake_link_script CMakeFiles/cmTC_6c427.dir/link.txt --verbose=1
/usr/bin/cc      -rdynamic CMakeFiles/cmTC_6c427.dir/feature_tests.c.o  -o cmTC_6c427 
make[2]: Leaving directory '/home/yahei/mjpg-streamer/mjpg-streamer-experimental/_build/CMakeFiles/CMakeTmp'
make[1]: Leaving directory '/home/yahei/mjpg-streamer/mjpg-streamer-experimental/_build/CMakeFiles/CMakeTmp'


    Feature record: C_FEATURE:1c_function_prototypes
    Feature record: C_FEATURE:1c_restrict
    Feature record: C_FEATURE:0c_static_assert
    Feature record: C_FEATURE:1c_variadic_macros


Detecting C [-std=c90] compiler features compiled with the following output:
Change Dir: /home/yahei/mjpg-streamer/mjpg-streamer-experimental/_build/CMakeFiles/CMakeTmp

Run Build Command:"/usr/bin/make" "cmTC_7c974/fast"
make[1]: Entering directory '/home/yahei/mjpg-streamer/mjpg-streamer-experimental/_build/CMakeFiles/CMakeTmp'
/usr/bin/make -f CMakeFiles/cmTC_7c974.dir/build.make CMakeFiles/cmTC_7c974.dir/build
make[2]: Entering directory '/home/yahei/mjpg-streamer/mjpg-streamer-experimental/_build/CMakeFiles/CMakeTmp'
Building C object CMakeFiles/cmTC_7c974.dir/feature_tests.c.o
/usr/bin/cc   -std=c90 -o CMakeFiles/cmTC_7c974.dir/feature_tests.c.o   -c /home/yahei/mjpg-streamer/mjpg-streamer-experimental/_build/CMakeFiles/feature_tests.c
Linking C executable cmTC_7c974
/usr/bin/cmake -E cmake_link_script CMakeFiles/cmTC_7c974.dir/link.txt --verbose=1
/usr/bin/cc      -rdynamic CMakeFiles/cmTC_7c974.dir/feature_tests.c.o  -o cmTC_7c974 
make[2]: Leaving directory '/home/yahei/mjpg-streamer/mjpg-streamer-experimental/_build/CMakeFiles/CMakeTmp'
make[1]: Leaving directory '/home/yahei/mjpg-streamer/mjpg-streamer-experimental/_build/CMakeFiles/CMakeTmp'


    Feature record: C_FEATURE:1c_function_prototypes
    Feature record: C_FEATURE:0c_restrict
    Feature record: C_FEATURE:0c_static_assert
    Feature record: C_FEATURE:0c_variadic_macros
Determining if files sys/inotify.h exist passed with the following output:
Change Dir: /home/yahei/mjpg-streamer/mjpg-streamer-experimental/_build/CMakeFiles/CMakeTmp

Run Build Command:"/usr/bin/make" "cmTC_731ce/fast"
make[1]: Entering directory '/home/yahei/mjpg-streamer/mjpg-streamer-experimental/_build/CMakeFiles/CMakeTmp'
/usr/bin/make -f CMakeFiles/cmTC_731ce.dir/build.make CMakeFiles/cmTC_731ce.dir/build
make[2]: Entering directory '/home/yahei/mjpg-streamer/mjpg-streamer-experimental/_build/CMakeFiles/CMakeTmp'
Building C object CMakeFiles/cmTC_731ce.dir/CheckIncludeFiles.c.o
/usr/bin/cc    -o CMakeFiles/cmTC_731ce.dir/CheckIncludeFiles.c.o   -c /home/yahei/mjpg-streamer/mjpg-streamer-experimental/_build/CMakeFiles/CMakeTmp/CheckIncludeFiles.c
Linking C executable cmTC_731ce
/usr/bin/cmake -E cmake_link_script CMakeFiles/cmTC_731ce.dir/link.txt --verbose=1
/usr/bin/cc      -rdynamic CMakeFiles/cmTC_731ce.dir/CheckIncludeFiles.c.o  -o cmTC_731ce 
make[2]: Leaving directory '/home/yahei/mjpg-streamer/mjpg-streamer-experimental/_build/CMakeFiles/CMakeTmp'
make[1]: Leaving directory '/home/yahei/mjpg-streamer/mjpg-streamer-experimental/_build/CMakeFiles/CMakeTmp'


Determining if files linux/videodev2.h exist passed with the following output:
Change Dir: /home/yahei/mjpg-streamer/mjpg-streamer-experimental/_build/CMakeFiles/CMakeTmp

Run Build Command:"/usr/bin/make" "cmTC_4846f/fast"
make[1]: Entering directory '/home/yahei/mjpg-streamer/mjpg-streamer-experimental/_build/CMakeFiles/CMakeTmp'
/usr/bin/make -f CMakeFiles/cmTC_4846f.dir/build.make CMakeFiles/cmTC_4846f.dir/build
make[2]: Entering directory '/home/yahei/mjpg-streamer/mjpg-streamer-experimental/_build/CMakeFiles/CMakeTmp'
Building C object CMakeFiles/cmTC_4846f.dir/CheckIncludeFiles.c.o
/usr/bin/cc    -o CMakeFiles/cmTC_4846f.dir/CheckIncludeFiles.c.o   -c /home/yahei/mjpg-streamer/mjpg-streamer-experimental/_build/CMakeFiles/CMakeTmp/CheckIncludeFiles.c
Linking C executable cmTC_4846f
/usr/bin/cmake -E cmake_link_script CMakeFiles/cmTC_4846f.dir/link.txt --verbose=1
/usr/bin/cc      -rdynamic CMakeFiles/cmTC_4846f.dir/CheckIncludeFiles.c.o  -o cmTC_4846f 
make[2]: Leaving directory '/home/yahei/mjpg-streamer/mjpg-streamer-experimental/_build/CMakeFiles/CMakeTmp'
make[1]: Leaving directory '/home/yahei/mjpg-streamer/mjpg-streamer-experimental/_build/CMakeFiles/CMakeTmp'


Determining if the include file pthread.h exists passed with the following output:
Change Dir: /home/yahei/mjpg-streamer/mjpg-streamer-experimental/_build/CMakeFiles/CMakeTmp

Run Build Command:"/usr/bin/make" "cmTC_e7eb1/fast"
make[1]: Entering directory '/home/yahei/mjpg-streamer/mjpg-streamer-experimental/_build/CMakeFiles/CMakeTmp'
/usr/bin/make -f CMakeFiles/cmTC_e7eb1.dir/build.make CMakeFiles/cmTC_e7eb1.dir/build
make[2]: Entering directory '/home/yahei/mjpg-streamer/mjpg-streamer-experimental/_build/CMakeFiles/CMakeTmp'
Building C object CMakeFiles/cmTC_e7eb1.dir/CheckIncludeFile.c.o
/usr/bin/cc    -o CMakeFiles/cmTC_e7eb1.dir/CheckIncludeFile.c.o   -c /home/yahei/mjpg-streamer/mjpg-streamer-experimental/_build/CMakeFiles/CMakeTmp/CheckIncludeFile.c
Linking C executable cmTC_e7eb1
/usr/bin/cmake -E cmake_link_script CMakeFiles/cmTC_e7eb1.dir/link.txt --verbose=1
/usr/bin/cc      -rdynamic CMakeFiles/cmTC_e7eb1.dir/CheckIncludeFile.c.o  -o cmTC_e7eb1 
make[2]: Leaving directory '/home/yahei/mjpg-streamer/mjpg-streamer-experimental/_build/CMakeFiles/CMakeTmp'
make[1]: Leaving directory '/home/yahei/mjpg-streamer/mjpg-streamer-experimental/_build/CMakeFiles/CMakeTmp'


Determining if the function pthread_create exists in the pthread passed with the following output:
Change Dir: /home/yahei/mjpg-streamer/mjpg-streamer-experimental/_build/CMakeFiles/CMakeTmp

Run Build Command:"/usr/bin/make" "cmTC_239fc/fast"
make[1]: Entering directory '/home/yahei/mjpg-streamer/mjpg-streamer-experimental/_build/CMakeFiles/CMakeTmp'
/usr/bin/make -f CMakeFiles/cmTC_239fc.dir/build.make CMakeFiles/cmTC_239fc.dir/build
make[2]: Entering directory '/home/yahei/mjpg-streamer/mjpg-streamer-experimental/_build/CMakeFiles/CMakeTmp'
Building C object CMakeFiles/cmTC_239fc.dir/CheckFunctionExists.c.o
/usr/bin/cc   -DCHECK_FUNCTION_EXISTS=pthread_create   -o CMakeFiles/cmTC_239fc.dir/CheckFunctionExists.c.o   -c /usr/share/cmake-3.10/Modules/CheckFunctionExists.c
Linking C executable cmTC_239fc
/usr/bin/cmake -E cmake_link_script CMakeFiles/cmTC_239fc.dir/link.txt --verbose=1
/usr/bin/cc  -DCHECK_FUNCTION_EXISTS=pthread_create    -rdynamic CMakeFiles/cmTC_239fc.dir/CheckFunctionExists.c.o  -o cmTC_239fc -lpthread 
make[2]: Leaving directory '/home/yahei/mjpg-streamer/mjpg-streamer-experimental/_build/CMakeFiles/CMakeTmp'
make[1]: Leaving directory '/home/yahei/mjpg-streamer/mjpg-streamer-experimental/_build/CMakeFiles/CMakeTmp'


