Determining if the pthread_create exist failed with the following output:
Change Dir: /home/yahei/mjpg-streamer/mjpg-streamer-experimental/_build/CMakeFiles/CMakeTmp

Run Build Command:"/usr/bin/make" "cmTC_6d2a7/fast"
make[1]: Entering directory '/home/yahei/mjpg-streamer/mjpg-streamer-experimental/_build/CMakeFiles/CMakeTmp'
/usr/bin/make -f CMakeFiles/cmTC_6d2a7.dir/build.make CMakeFiles/cmTC_6d2a7.dir/build
make[2]: Entering directory '/home/yahei/mjpg-streamer/mjpg-streamer-experimental/_build/CMakeFiles/CMakeTmp'
Building C object CMakeFiles/cmTC_6d2a7.dir/CheckSymbolExists.c.o
/usr/bin/cc    -o CMakeFiles/cmTC_6d2a7.dir/CheckSymbolExists.c.o   -c /home/yahei/mjpg-streamer/mjpg-streamer-experimental/_build/CMakeFiles/CMakeTmp/CheckSymbolExists.c
Linking C executable cmTC_6d2a7
/usr/bin/cmake -E cmake_link_script CMakeFiles/cmTC_6d2a7.dir/link.txt --verbose=1
/usr/bin/cc      -rdynamic CMakeFiles/cmTC_6d2a7.dir/CheckSymbolExists.c.o  -o cmTC_6d2a7 
CMakeFiles/cmTC_6d2a7.dir/CheckSymbolExists.c.o: In function `main':
CheckSymbolExists.c:(.text+0x2c): undefined reference to `pthread_create'
collect2: error: ld returned 1 exit status
CMakeFiles/cmTC_6d2a7.dir/build.make:97: recipe for target 'cmTC_6d2a7' failed
make[2]: *** [cmTC_6d2a7] Error 1
make[2]: Leaving directory '/home/yahei/mjpg-streamer/mjpg-streamer-experimental/_build/CMakeFiles/CMakeTmp'
Makefile:126: recipe for target 'cmTC_6d2a7/fast' failed
make[1]: *** [cmTC_6d2a7/fast] Error 2
make[1]: Leaving directory '/home/yahei/mjpg-streamer/mjpg-streamer-experimental/_build/CMakeFiles/CMakeTmp'

File /home/yahei/mjpg-streamer/mjpg-streamer-experimental/_build/CMakeFiles/CMakeTmp/CheckSymbolExists.c:
/* */
#include <pthread.h>

int main(int argc, char** argv)
{
  (void)argv;
#ifndef pthread_create
  return ((int*)(&pthread_create))[argc];
#else
  (void)argc;
  return 0;
#endif
}

Determining if the function pthread_create exists in the pthreads failed with the following output:
Change Dir: /home/yahei/mjpg-streamer/mjpg-streamer-experimental/_build/CMakeFiles/CMakeTmp

Run Build Command:"/usr/bin/make" "cmTC_75d3f/fast"
make[1]: Entering directory '/home/yahei/mjpg-streamer/mjpg-streamer-experimental/_build/CMakeFiles/CMakeTmp'
/usr/bin/make -f CMakeFiles/cmTC_75d3f.dir/build.make CMakeFiles/cmTC_75d3f.dir/build
make[2]: Entering directory '/home/yahei/mjpg-streamer/mjpg-streamer-experimental/_build/CMakeFiles/CMakeTmp'
Building C object CMakeFiles/cmTC_75d3f.dir/CheckFunctionExists.c.o
/usr/bin/cc   -DCHECK_FUNCTION_EXISTS=pthread_create   -o CMakeFiles/cmTC_75d3f.dir/CheckFunctionExists.c.o   -c /usr/share/cmake-3.10/Modules/CheckFunctionExists.c
Linking C executable cmTC_75d3f
/usr/bin/cmake -E cmake_link_script CMakeFiles/cmTC_75d3f.dir/link.txt --verbose=1
/usr/bin/cc  -DCHECK_FUNCTION_EXISTS=pthread_create    -rdynamic CMakeFiles/cmTC_75d3f.dir/CheckFunctionExists.c.o  -o cmTC_75d3f -lpthreads 
/usr/bin/ld: cannot find -lpthreads
collect2: error: ld returned 1 exit status
CMakeFiles/cmTC_75d3f.dir/build.make:97: recipe for target 'cmTC_75d3f' failed
make[2]: *** [cmTC_75d3f] Error 1
make[2]: Leaving directory '/home/yahei/mjpg-streamer/mjpg-streamer-experimental/_build/CMakeFiles/CMakeTmp'
Makefile:126: recipe for target 'cmTC_75d3f/fast' failed
make[1]: *** [cmTC_75d3f/fast] Error 2
make[1]: Leaving directory '/home/yahei/mjpg-streamer/mjpg-streamer-experimental/_build/CMakeFiles/CMakeTmp'


